<?xml version="1.0" encoding="UTF-8"?>
<testsuite xmlns:xsi="http://www.w3.org/2001/XMLSchema-instance" xsi:noNamespaceSchemaLocation="https://maven.apache.org/surefire/maven-surefire-plugin/xsd/surefire-test-report-3.0.xsd" version="3.0" name="pt.trasmum.servidor.servico.impl.IngestaoServicoTest" time="4.922" tests="6" errors="0" skipped="0" failures="0">
  <properties>
[...]
</properties>
  <testcase name="processarPacote_hashCorreto_conclui_commitInvocado_rollbackNunca" classname="pt.trasmum.servidor.servico.impl.IngestaoServicoTest" time="4.486"/>
  <testcase name="processarPacote_comTodosTiposDto_delegaParaRepositorios" classname="pt.trasmum.servidor.servico.impl.IngestaoServicoTest" time="0.155"/>
  <testcase name="processarPacote_sqlExceptionNoCommit_lancaRuntimeExceptionEFazRollback" classname="pt.trasmum.servidor.servico.impl.IngestaoServicoTest" time="0.116"/>
  <testcase name="processarPacote_hashAusente_lancaIntegridadeInvalidaException" classname="pt.trasmum.servidor.servico.impl.IngestaoServicoTest" time="0.046"/>
  <testcase name="processarPacote_hashIncorreto_lancaIntegridadeInvalidaException" classname="pt.trasmum.servidor.servico.impl.IngestaoServicoTest" time="0.054"/>
  <testcase name="processarPacote_hashEmBranco_lancaIntegridadeInvalidaException" classname="pt.trasmum.servidor.servico.impl.IngestaoServicoTest" time="0.033"/>
</testsuite>