<?xml version="1.0" encoding="UTF-8"?>
<testsuite xmlns:xsi="http://www.w3.org/2001/XMLSchema-instance" xsi:noNamespaceSchemaLocation="https://maven.apache.org/surefire/maven-surefire-plugin/xsd/surefire-test-report-3.0.xsd" version="3.0" name="pt.trasmum.loja.servico.impl.DevolucaoServicoTest" time="0.785" tests="8" errors="0" skipped="0" failures="0">
  <properties>
[...]
</properties>
  <testcase name="processar_faturaNula_lancaFaturaNaoEncontradaException" classname="pt.trasmum.loja.servico.impl.DevolucaoServicoTest" time="0.13"/>
  <testcase name="processar_quantidadeTotalmenteDevolvida_lancaDevolucaoJaProcessadaException" classname="pt.trasmum.loja.servico.impl.DevolucaoServicoTest" time="0.108"/>
  <testcase name="processar_loteExpirado_naoRepoeStockMasPersisteDevolucao" classname="pt.trasmum.loja.servico.impl.DevolucaoServicoTest" time="0.244"/>
  <testcase name="processar_quantidadeExcedeDisponivel_lancaQuantidadeDevolucaoExcedidaException" classname="pt.trasmum.loja.servico.impl.DevolucaoServicoTest" time="0.05"/>
  <testcase name="processar_artigoNaoConstaNaFatura_lancaArtigoNaoConstaNaFaturaException" classname="pt.trasmum.loja.servico.impl.DevolucaoServicoTest" time="0.048"/>
  <testcase name="obterDevolucoesPendentes_delegaParaRepositorio" classname="pt.trasmum.loja.servico.impl.DevolucaoServicoTest" time="0.037"/>
  <testcase name="processar_vendaSemFatura_lancaFaturaNaoEncontradaException" classname="pt.trasmum.loja.servico.impl.DevolucaoServicoTest" time="0.023"/>
  <testcase name="processar_loteValido_repoeStockEPersisteDevolucao" classname="pt.trasmum.loja.servico.impl.DevolucaoServicoTest" time="0.035"/>
</testsuite>